2021-09-01 14:23:34,404    DEBUG - __init__()...
2021-09-01 14:23:34,404    DEBUG - dealCards()...
2021-09-01 14:23:34,405     INFO - terry: [(2, CLUBS)]:2:0
2021-09-01 14:23:34,405     INFO - john: [(A, SPADES)]:11:0
2021-09-01 14:23:34,406     INFO - Dealer: [(10, CLUBS)]:10:0
2021-09-01 14:23:34,406     INFO - terry: [(2, CLUBS), (6, CLUBS)]:8:0
2021-09-01 14:23:34,407     INFO - john: [(A, SPADES), (10, SPADES)]:21:0
2021-09-01 14:23:34,408     INFO - Dealer: [(10, CLUBS), (7, CLUBS)]:17:0
2021-09-01 14:23:34,410    DEBUG - hit()...
2021-09-01 14:24:10,173     INFO - terry: [(2, CLUBS), (6, CLUBS), (6, HEARTS)]:14:0
2021-09-01 14:24:19,228     INFO - terry: [(2, CLUBS), (6, CLUBS), (6, HEARTS), (8, HEARTS)]:22:0
2021-09-01 14:24:19,229    DEBUG - showResult()...
2021-09-01 14:24:19,230     INFO - terry: [(2, CLUBS), (6, CLUBS), (6, HEARTS), (8, HEARTS)]:22:0
2021-09-01 14:24:19,231     INFO - john: [(A, SPADES), (10, SPADES)]:21:1
2021-09-01 14:24:19,232     INFO - Dealer: [(10, CLUBS), (7, CLUBS)]:17:1
2021-09-01 14:25:57,604    DEBUG - __init__()...
2021-09-01 14:25:57,605    DEBUG - dealCards()...
2021-09-01 14:25:57,605     INFO - terry: [(7, CLUBS)]:7:0
2021-09-01 14:25:57,606     INFO - john: [(J, HEARTS)]:10:0
2021-09-01 14:25:57,606     INFO - Dealer: [(Q, DIAMONDS)]:10:0
2021-09-01 14:25:57,606     INFO - terry: [(7, CLUBS), (4, DIAMONDS)]:11:0
2021-09-01 14:25:57,607     INFO - john: [(J, HEARTS), (2, DIAMONDS)]:12:0
2021-09-01 14:25:57,608     INFO - Dealer: [(Q, DIAMONDS), (5, DIAMONDS)]:15:0
2021-09-01 14:25:57,609    DEBUG - hit()...
2021-09-01 14:26:08,981     INFO - terry: [(7, CLUBS), (4, DIAMONDS), (9, SPADES)]:20:0
2021-09-01 14:26:21,212     INFO - john: [(J, HEARTS), (2, DIAMONDS), (2, CLUBS)]:14:0
2021-09-01 14:26:23,613     INFO - john: [(J, HEARTS), (2, DIAMONDS), (2, CLUBS), (5, CLUBS)]:19:0
2021-09-01 14:26:26,244     INFO - Dealer: [(Q, DIAMONDS), (5, DIAMONDS), (6, SPADES)]:21:0
2021-09-01 14:26:26,244    DEBUG - showResult()...
2021-09-01 14:26:26,245     INFO - terry: [(7, CLUBS), (4, DIAMONDS), (9, SPADES)]:20:0
2021-09-01 14:26:26,246     INFO - john: [(J, HEARTS), (2, DIAMONDS), (2, CLUBS), (5, CLUBS)]:19:0
2021-09-01 14:26:26,247     INFO - Dealer: [(Q, DIAMONDS), (5, DIAMONDS), (6, SPADES)]:21:2
